<?xml version="1.0" encoding="UTF-8"?>
<!-- Generated by org.testng.reporters.JUnitReportReporter -->
<testsuite hostname="WL357038" name="com.qa.tests.PostAPI_CreateNewCustomer" tests="2" failures="0" timestamp="23 Oct 2018 12:12:31 GMT" time="2.953" errors="0">
  <testcase name="test_Post_API_Create" time="2.227" classname="com.qa.tests.PostAPI_CreateNewCustomer"/>
  <testcase name="test_Post_API_Search" time="0.726" classname="com.qa.tests.PostAPI_CreateNewCustomer"/>
</testsuite> <!-- com.qa.tests.PostAPI_CreateNewCustomer -->
