<?xml version="1.0" encoding="UTF-8"?>
<!-- Generated by org.testng.reporters.JUnitReportReporter -->
<testsuite hostname="WL357038" name="com.qa.tests.PostAPI_CreateNewCustomer" tests="2" failures="0" timestamp="24 Oct 2018 10:41:31 GMT" time="3.940" errors="0">
  <testcase name="test_Post_API_Create" time="3.066" classname="com.qa.tests.PostAPI_CreateNewCustomer"/>
  <testcase name="test_Post_API_Search" time="0.874" classname="com.qa.tests.PostAPI_CreateNewCustomer"/>
</testsuite> <!-- com.qa.tests.PostAPI_CreateNewCustomer -->
