<?xml version="1.0" encoding="UTF-8"?>
<!-- Generated by org.testng.reporters.JUnitReportReporter -->
<testsuite hostname="WL357038" name="com.qa.tests.PostAPI_CreateNewCustomer" tests="2" failures="0" timestamp="30 Oct 2018 11:15:05 GMT" time="2.515" errors="0">
  <testcase name="test_Post_API_Search" time="0.627" classname="com.qa.tests.PostAPI_CreateNewCustomer"/>
  <testcase name="test_Post_API_Create" time="1.888" classname="com.qa.tests.PostAPI_CreateNewCustomer"/>
</testsuite> <!-- com.qa.tests.PostAPI_CreateNewCustomer -->
